<?xml version="1.0" encoding="UTF-8"?>
<!-- Generated by org.testng.reporters.JUnitReportReporter -->
<testsuite name="com.demo.automation.POMFramework.homepage.TC001_VerifyLoginwithInvalidCredentials" tests="1" time="6.084" ignored="0" failures="0" timestamp="29 Jul 2017 10:48:09 GMT" skipped="0" hostname="admin-PC" errors="0">
  <testcase name="verifyLoginwithInvalidCredentials" time="6.084" classname="com.demo.automation.POMFramework.homepage.TC001_VerifyLoginwithInvalidCredentials"/>
</testsuite> <!-- com.demo.automation.POMFramework.homepage.TC001_VerifyLoginwithInvalidCredentials -->
