<?xml version="1.0" encoding="UTF-8"?>
<!-- Generated by org.testng.reporters.JUnitReportReporter -->
<testsuite skipped="4" hostname="admin-PC" name="com.demo.automation.POMFramework.homepage.TC003_VerifyLoginWithDifferentRecords" tests="7" failures="0" timestamp="29 Jun 2017 17:06:41 GMT" time="7.959" errors="0">
  <testcase name="testLogin" time="0.006" classname="com.demo.automation.POMFramework.homepage.TC003_VerifyLoginWithDifferentRecords">
    <skipped/>
  </testcase> <!-- testLogin -->
  <testcase name="testLogin" time="0.007" classname="com.demo.automation.POMFramework.homepage.TC003_VerifyLoginWithDifferentRecords">
    <skipped/>
  </testcase> <!-- testLogin -->
  <testcase name="testLogin" time="0.006" classname="com.demo.automation.POMFramework.homepage.TC003_VerifyLoginWithDifferentRecords">
    <skipped/>
  </testcase> <!-- testLogin -->
  <testcase name="testLogin" time="1.682" classname="com.demo.automation.POMFramework.homepage.TC003_VerifyLoginWithDifferentRecords"/>
  <testcase name="testLogin" time="0.004" classname="com.demo.automation.POMFramework.homepage.TC003_VerifyLoginWithDifferentRecords">
    <skipped/>
  </testcase> <!-- testLogin -->
  <testcase name="testLogin" time="2.191" classname="com.demo.automation.POMFramework.homepage.TC003_VerifyLoginWithDifferentRecords"/>
  <testcase name="testLogin" time="4.063" classname="com.demo.automation.POMFramework.homepage.TC003_VerifyLoginWithDifferentRecords"/>
</testsuite> <!-- com.demo.automation.POMFramework.homepage.TC003_VerifyLoginWithDifferentRecords -->
