<?xml version="1.0" encoding="UTF-8"?>
<!-- Generated by org.testng.reporters.JUnitReportReporter -->
<testsuite name="com.demo.automation.POMFramework.listingpage.TC001_Add_ProjectsToCart" tests="1" time="83.493" ignored="0" failures="0" timestamp="29 Jul 2017 07:42:28 GMT" skipped="0" hostname="admin-PC" errors="0">
  <testcase name="Add_ProjectsToCart" time="83.493" classname="com.demo.automation.POMFramework.listingpage.TC001_Add_ProjectsToCart"/>
</testsuite> <!-- com.demo.automation.POMFramework.listingpage.TC001_Add_ProjectsToCart -->
