<?xml version="1.0" encoding="UTF-8"?>
<!-- Generated by org.testng.reporters.JUnitReportReporter -->
<testsuite name="com.demo.automation.POMFramework.homepage.TC002_VerifyNewUserRegistration" tests="1" time="3.635" ignored="0" failures="0" timestamp="29 Jul 2017 12:19:47 GMT" skipped="0" hostname="admin-PC" errors="0">
  <testcase name="verifyNewUserRegistration" time="3.635" classname="com.demo.automation.POMFramework.homepage.TC002_VerifyNewUserRegistration"/>
</testsuite> <!-- com.demo.automation.POMFramework.homepage.TC002_VerifyNewUserRegistration -->
