<?xml version="1.0" encoding="UTF-8"?>
<!-- Generated by org.testng.reporters.JUnitReportReporter -->
<testsuite name="testpractice.RediffWebsite" tests="1" time="11.756" ignored="0" failures="0" timestamp="11 Jul 2017 05:24:02 GMT" skipped="0" hostname="admin-PC" errors="0">
  <testcase name="get_LinkInMenu" time="11.756" classname="testpractice.RediffWebsite"/>
</testsuite> <!-- testpractice.RediffWebsite -->
