<?xml version="1.0" encoding="UTF-8"?>
<!-- Generated by org.testng.reporters.JUnitReportReporter -->
<testsuite name="testpractice.AddMultipleProjects" tests="1" time="52.662" ignored="0" failures="0" timestamp="13 Jul 2017 04:49:01 GMT" skipped="0" hostname="admin-PC" errors="0">
  <testcase name="verfiy_count" time="52.662" classname="testpractice.AddMultipleProjects"/>
</testsuite> <!-- testpractice.AddMultipleProjects -->
