<?xml version="1.0" encoding="UTF-8"?>
<!-- Generated by org.testng.reporters.JUnitReportReporter -->
<testsuite name="com.demo.automation.POMFramework.productpage.TC002_Add_ProjectToWishListToPayment" tests="1" time="46.293" ignored="0" failures="0" timestamp="10 Jul 2017 10:52:53 GMT" skipped="0" hostname="admin-PC" errors="0">
  <testcase name="Add_ProjectToWishListToPayment" time="46.293" classname="com.demo.automation.POMFramework.productpage.TC002_Add_ProjectToWishListToPayment"/>
</testsuite> <!-- com.demo.automation.POMFramework.productpage.TC002_Add_ProjectToWishListToPayment -->
