<?xml version="1.0" encoding="UTF-8"?>
<!-- Generated by org.testng.reporters.JUnitReportReporter -->
<testsuite name="testpractice.Practice2" tests="1" time="35.947" ignored="0" failures="0" timestamp="29 Jul 2017 16:58:16 GMT" skipped="0" hostname="admin-PC" errors="0">
  <testcase name="sampleMethod" time="35.947" classname="testpractice.Practice2"/>
</testsuite> <!-- testpractice.Practice2 -->
