<?xml version="1.0" encoding="UTF-8"?>
<!-- Generated by org.testng.reporters.JUnitReportReporter -->
<testsuite skipped="4" hostname="admin-PC" name="com.demo.automation.POMFramework.homepage.TC003_VerifyLoginWithDifferentRecords" tests="7" failures="0" timestamp="28 Jun 2017 13:35:27 GMT" time="7.232" errors="0">
  <testcase name="testLogin" time="2.111" classname="com.demo.automation.POMFramework.homepage.TC003_VerifyLoginWithDifferentRecords"/>
  <testcase name="testLogin" time="0.001" classname="com.demo.automation.POMFramework.homepage.TC003_VerifyLoginWithDifferentRecords">
    <skipped/>
  </testcase> <!-- testLogin -->
  <testcase name="testLogin" time="0.001" classname="com.demo.automation.POMFramework.homepage.TC003_VerifyLoginWithDifferentRecords">
    <skipped/>
  </testcase> <!-- testLogin -->
  <testcase name="testLogin" time="0.000" classname="com.demo.automation.POMFramework.homepage.TC003_VerifyLoginWithDifferentRecords">
    <skipped/>
  </testcase> <!-- testLogin -->
  <testcase name="testLogin" time="0.001" classname="com.demo.automation.POMFramework.homepage.TC003_VerifyLoginWithDifferentRecords">
    <skipped/>
  </testcase> <!-- testLogin -->
  <testcase name="testLogin" time="2.065" classname="com.demo.automation.POMFramework.homepage.TC003_VerifyLoginWithDifferentRecords"/>
  <testcase name="testLogin" time="3.053" classname="com.demo.automation.POMFramework.homepage.TC003_VerifyLoginWithDifferentRecords"/>
</testsuite> <!-- com.demo.automation.POMFramework.homepage.TC003_VerifyLoginWithDifferentRecords -->
