<?xml version="1.0" encoding="UTF-8"?>
<!-- Generated by org.testng.reporters.JUnitReportReporter -->
<testsuite name="com.demo.automation.POMFramework.homepage.TC002_VerifyNewUserRegistration" tests="1" time="4.741" ignored="0" failures="0" timestamp="10 Jul 2017 12:38:54 GMT" skipped="0" hostname="admin-PC" errors="0">
  <testcase name="verifyNewUserRegistration" time="4.741" classname="com.demo.automation.POMFramework.homepage.TC002_VerifyNewUserRegistration"/>
</testsuite> <!-- com.demo.automation.POMFramework.homepage.TC002_VerifyNewUserRegistration -->
