<?xml version="1.0" encoding="UTF-8"?>
<!-- Generated by org.testng.reporters.JUnitReportReporter -->
<testsuite skipped="0" hostname="admin-PC" name="com.demo.automation.POMFramework.homepage.TC001_VerifyLoginwithInvalidCredentials" tests="1" failures="0" timestamp="27 Jun 2017 04:12:36 GMT" time="6.521" errors="0">
  <testcase name="verifyLoginwithInvalidCredentials" time="6.521" classname="com.demo.automation.POMFramework.homepage.TC001_VerifyLoginwithInvalidCredentials"/>
</testsuite> <!-- com.demo.automation.POMFramework.homepage.TC001_VerifyLoginwithInvalidCredentials -->
