<?xml version="1.0" encoding="UTF-8"?>
<!-- Generated by org.testng.reporters.JUnitReportReporter -->
<testsuite name="testpractice.AddMultipleProjects" tests="1" time="32.815" ignored="0" failures="0" timestamp="12 Jul 2017 05:10:19 GMT" skipped="0" hostname="admin-PC" errors="0">
  <testcase name="verfiy_count" time="32.815" classname="testpractice.AddMultipleProjects"/>
</testsuite> <!-- testpractice.AddMultipleProjects -->
