<?xml version="1.0" encoding="UTF-8"?>
<!-- Generated by org.testng.reporters.JUnitReportReporter -->
<testsuite name="com.demo.automation.POMFramework.listingpage.TC001_Add_ProjectsToCart" tests="1" time="32.804" ignored="0" failures="0" timestamp="10 Jul 2017 04:51:04 GMT" skipped="0" hostname="admin-PC" errors="0">
  <testcase name="Add_ProjectsToCart" time="32.804" classname="com.demo.automation.POMFramework.listingpage.TC001_Add_ProjectsToCart"/>
</testsuite> <!-- com.demo.automation.POMFramework.listingpage.TC001_Add_ProjectsToCart -->
