<?xml version="1.0" encoding="UTF-8"?>
<!-- Generated by org.testng.reporters.JUnitReportReporter -->
<testsuite name="com.demo.automation.POMFramework.homepage.TC001_VerifyLoginwithInvalidCredentials" tests="1" time="8.114" ignored="0" failures="0" timestamp="07 Jul 2017 13:48:33 GMT" skipped="0" hostname="admin-PC" errors="0">
  <testcase name="verifyLoginwithInvalidCredentials" time="8.114" classname="com.demo.automation.POMFramework.homepage.TC001_VerifyLoginwithInvalidCredentials"/>
</testsuite> <!-- com.demo.automation.POMFramework.homepage.TC001_VerifyLoginwithInvalidCredentials -->
