<?xml version="1.0" encoding="UTF-8"?>
<!-- Generated by org.testng.reporters.JUnitReportReporter -->
<testsuite name="com.demo.automation.POMFramework.productpage.TC001_Add_ProjectToWishListToPayment" tests="1" time="176.924" ignored="0" failures="0" timestamp="30 Jul 2017 07:32:03 GMT" skipped="0" hostname="admin-PC" errors="0">
  <testcase name="Add_ProjectToWishListToPayment" time="176.924" classname="com.demo.automation.POMFramework.productpage.TC001_Add_ProjectToWishListToPayment"/>
</testsuite> <!-- com.demo.automation.POMFramework.productpage.TC001_Add_ProjectToWishListToPayment -->
