<?xml version="1.0" encoding="UTF-8"?>
<!-- Generated by org.testng.reporters.JUnitReportReporter -->
<testsuite name="com.demo.automation.POMFramework.homepage.TC003_VerifyLoginWithDifferentRecords" tests="7" time="0.001" ignored="0" failures="0" timestamp="30 Jul 2017 07:32:03 GMT" skipped="7" hostname="admin-PC" errors="0">
  <testcase name="VerifyLoginWithDifferentRecords" time="0.000" classname="com.demo.automation.POMFramework.homepage.TC003_VerifyLoginWithDifferentRecords">
    <skipped/>
  </testcase> <!-- VerifyLoginWithDifferentRecords -->
  <testcase name="VerifyLoginWithDifferentRecords" time="0.000" classname="com.demo.automation.POMFramework.homepage.TC003_VerifyLoginWithDifferentRecords">
    <skipped/>
  </testcase> <!-- VerifyLoginWithDifferentRecords -->
  <testcase name="VerifyLoginWithDifferentRecords" time="0.000" classname="com.demo.automation.POMFramework.homepage.TC003_VerifyLoginWithDifferentRecords">
    <skipped/>
  </testcase> <!-- VerifyLoginWithDifferentRecords -->
  <testcase name="VerifyLoginWithDifferentRecords" time="0.000" classname="com.demo.automation.POMFramework.homepage.TC003_VerifyLoginWithDifferentRecords">
    <skipped/>
  </testcase> <!-- VerifyLoginWithDifferentRecords -->
  <testcase name="VerifyLoginWithDifferentRecords" time="0.000" classname="com.demo.automation.POMFramework.homepage.TC003_VerifyLoginWithDifferentRecords">
    <skipped/>
  </testcase> <!-- VerifyLoginWithDifferentRecords -->
  <testcase name="VerifyLoginWithDifferentRecords" time="0.000" classname="com.demo.automation.POMFramework.homepage.TC003_VerifyLoginWithDifferentRecords">
    <skipped/>
  </testcase> <!-- VerifyLoginWithDifferentRecords -->
  <testcase name="VerifyLoginWithDifferentRecords" time="0.001" classname="com.demo.automation.POMFramework.homepage.TC003_VerifyLoginWithDifferentRecords">
    <skipped/>
  </testcase> <!-- VerifyLoginWithDifferentRecords -->
</testsuite> <!-- com.demo.automation.POMFramework.homepage.TC003_VerifyLoginWithDifferentRecords -->
