<?xml version="1.0" encoding="UTF-8"?>
<!-- Generated by org.testng.reporters.JUnitReportReporter -->
<testsuite name="com.demo.automation.POMFramework.listingpage.TC002_Add_MultipleProjectIntoCart" tests="1" time="56.948" ignored="0" failures="0" timestamp="30 Jul 2017 07:32:03 GMT" skipped="0" hostname="admin-PC" errors="0">
  <testcase name="Add_MultipleProjectIntoCart" time="56.948" classname="com.demo.automation.POMFramework.listingpage.TC002_Add_MultipleProjectIntoCart"/>
</testsuite> <!-- com.demo.automation.POMFramework.listingpage.TC002_Add_MultipleProjectIntoCart -->
